ffmpeg version 2023-01-01-git-62da0b4a74-full_build-www.gyan.dev Copyright (c) 2000-2023 the FFmpeg developers
  built with gcc 12.1.0 (Rev2, Built by MSYS2 project)
  configuration: --enable-gpl --enable-version3 --enable-static --disable-w32threads --disable-autodetect --enable-fontconfig --enable-iconv --enable-gnutls --enable-libxml2 --enable-gmp --enable-bzlib --enable-lzma --enable-libsnappy --enable-zlib --enable-librist --enable-libsrt --enable-libssh --enable-libzmq --enable-avisynth --enable-libbluray --enable-libcaca --enable-sdl2 --enable-libaribb24 --enable-libdav1d --enable-libdavs2 --enable-libuavs3d --enable-libzvbi --enable-librav1e --enable-libsvtav1 --enable-libwebp --enable-libx264 --enable-libx265 --enable-libxavs2 --enable-libxvid --enable-libaom --enable-libjxl --enable-libopenjpeg --enable-libvpx --enable-mediafoundation --enable-libass --enable-frei0r --enable-libfreetype --enable-libfribidi --enable-liblensfun --enable-libvidstab --enable-libvmaf --enable-libzimg --enable-amf --enable-cuda-llvm --enable-cuvid --enable-ffnvcodec --enable-nvdec --enable-nvenc --enable-d3d11va --enable-dxva2 --enable-libvpl --enable-libshaderc --enable-vulkan --enable-libplacebo --enable-opencl --enable-libcdio --enable-libgme --enable-libmodplug --enable-libopenmpt --enable-libopencore-amrwb --enable-libmp3lame --enable-libshine --enable-libtheora --enable-libtwolame --enable-libvo-amrwbenc --enable-libilbc --enable-libgsm --enable-libopencore-amrnb --enable-libopus --enable-libspeex --enable-libvorbis --enable-ladspa --enable-libbs2b --enable-libflite --enable-libmysofa --enable-librubberband --enable-libsoxr --enable-chromaprint
  libavutil      57. 43.100 / 57. 43.100
  libavcodec     59. 55.103 / 59. 55.103
  libavformat    59. 34.102 / 59. 34.102
  libavdevice    59.  8.101 / 59.  8.101
  libavfilter     8. 53.100 /  8. 53.100
  libswscale      6.  8.112 /  6.  8.112
  libswresample   4.  9.100 /  4.  9.100
  libpostproc    56.  7.100 / 56.  7.100
Splitting the commandline.
Reading option '-v' ... matched as option 'v' (set logging level) with argument 'debug'.
Reading option '-nostdin' ... matched as option 'stdin' (enable or disable interaction on standard input) with argument 0.
Reading option '-progress' ... matched as option 'progress' (write program-readable progress information) with argument 'C:/Users/Omeir/AppData/Local/Temp/KritaFFmpegProgress.Ogxycn'.
Reading option '-r' ... matched as option 'r' (set frame rate (Hz value, fraction or abbreviation)) with argument '24'.
Reading option '-start_number' ... matched as AVOption 'start_number' with argument '0'.
Reading option '-i' ... matched as input url with argument 'J:/Omeir/School/Y12/CompSci/FreeKnight/FreeKnight_v1/Colour1/NoOutline/SeparatePngs/idle/frame%04d.png'.
Reading option '-i' ... matched as input url with argument 'J:/Omeir/School/Y12/CompSci/FreeKnight/FreeKnight_v1/Colour1/NoOutline/SeparatePngs/idle/palette.png'.
Reading option '-lavfi' ... matched as option 'lavfi' (create a complex filtergraph) with argument 'scale=w=20:h=38[0:v];[0:v][1:v] paletteuse'.
Reading option '-y' ... matched as option 'y' (overwrite output files) with argument '1'.
Reading option 'J:/Omeir/School/Y12/CompSci/FreeKnight/FreeKnight_v1/Colour1/NoOutline/SeparatePngs/idle/sample.gif' ... matched as output url.
Finished splitting the commandline.
Parsing a group of options: global .
Applying option v (set logging level) with argument debug.
Applying option nostdin (enable or disable interaction on standard input) with argument 0.
Applying option progress (write program-readable progress information) with argument C:/Users/Omeir/AppData/Local/Temp/KritaFFmpegProgress.Ogxycn.
[file @ 0000024acc75ec80] Setting default whitelist 'file,crypto,data'
Applying option lavfi (create a complex filtergraph) with argument scale=w=20:h=38[0:v];[0:v][1:v] paletteuse.
Applying option y (overwrite output files) with argument 1.
Successfully parsed a group of options.
Parsing a group of options: input url J:/Omeir/School/Y12/CompSci/FreeKnight/FreeKnight_v1/Colour1/NoOutline/SeparatePngs/idle/frame%04d.png.
Applying option r (set frame rate (Hz value, fraction or abbreviation)) with argument 24.
Successfully parsed a group of options.
Opening an input file: J:/Omeir/School/Y12/CompSci/FreeKnight/FreeKnight_v1/Colour1/NoOutline/SeparatePngs/idle/frame%04d.png.
[image2 @ 0000024acc7b7100] Opening 'J:/Omeir/School/Y12/CompSci/FreeKnight/FreeKnight_v1/Colour1/NoOutline/SeparatePngs/idle/frame0000.png' for reading
[file @ 0000024acc7ba7c0] Setting default whitelist 'file,crypto,data'
[AVIOContext @ 0000024acc7c2980] Statistics: 1169 bytes read, 0 seeks
[image2 @ 0000024acc7b7100] Opening 'J:/Omeir/School/Y12/CompSci/FreeKnight/FreeKnight_v1/Colour1/NoOutline/SeparatePngs/idle/frame0001.png' for reading
[file @ 0000024acc7c3180] Setting default whitelist 'file,crypto,data'
[AVIOContext @ 0000024acc7c3280] Statistics: 1163 bytes read, 0 seeks
[image2 @ 0000024acc7b7100] Opening 'J:/Omeir/School/Y12/CompSci/FreeKnight/FreeKnight_v1/Colour1/NoOutline/SeparatePngs/idle/frame0002.png' for reading
[file @ 0000024acc7c3180] Setting default whitelist 'file,crypto,data'
[AVIOContext @ 0000024acc7d4bc0] Statistics: 1160 bytes read, 0 seeks
[image2 @ 0000024acc7b7100] Opening 'J:/Omeir/School/Y12/CompSci/FreeKnight/FreeKnight_v1/Colour1/NoOutline/SeparatePngs/idle/frame0003.png' for reading
[file @ 0000024acc7c3180] Setting default whitelist 'file,crypto,data'
[AVIOContext @ 0000024acc7d5240] Statistics: 1184 bytes read, 0 seeks
[image2 @ 0000024acc7b7100] Opening 'J:/Omeir/School/Y12/CompSci/FreeKnight/FreeKnight_v1/Colour1/NoOutline/SeparatePngs/idle/frame0004.png' for reading
[file @ 0000024acc7c3180] Setting default whitelist 'file,crypto,data'
[AVIOContext @ 0000024acc7d5900] Statistics: 1181 bytes read, 0 seeks
[image2 @ 0000024acc7b7100] Opening 'J:/Omeir/School/Y12/CompSci/FreeKnight/FreeKnight_v1/Colour1/NoOutline/SeparatePngs/idle/frame0005.png' for reading
[file @ 0000024acc7c3180] Setting default whitelist 'file,crypto,data'
[AVIOContext @ 0000024acc7bed00] Statistics: 1177 bytes read, 0 seeks
[image2 @ 0000024acc7b7100] Opening 'J:/Omeir/School/Y12/CompSci/FreeKnight/FreeKnight_v1/Colour1/NoOutline/SeparatePngs/idle/frame0006.png' for reading
[file @ 0000024acc7c3180] Setting default whitelist 'file,crypto,data'
[AVIOContext @ 0000024acc7bf380] Statistics: 1169 bytes read, 0 seeks
[image2 @ 0000024acc7b7100] Opening 'J:/Omeir/School/Y12/CompSci/FreeKnight/FreeKnight_v1/Colour1/NoOutline/SeparatePngs/idle/frame0007.png' for reading
[file @ 0000024acc7c3180] Setting default whitelist 'file,crypto,data'
[AVIOContext @ 0000024acc7bfa40] Statistics: 1167 bytes read, 0 seeks
[image2 @ 0000024acc7b7100] Opening 'J:/Omeir/School/Y12/CompSci/FreeKnight/FreeKnight_v1/Colour1/NoOutline/SeparatePngs/idle/frame0008.png' for reading
[file @ 0000024acc7bfa40] Setting default whitelist 'file,crypto,data'
[AVIOContext @ 0000024acc7c3180] Statistics: 1169 bytes read, 0 seeks
[image2 @ 0000024acc7b7100] Opening 'J:/Omeir/School/Y12/CompSci/FreeKnight/FreeKnight_v1/Colour1/NoOutline/SeparatePngs/idle/frame0009.png' for reading
[file @ 0000024acc7bfa40] Setting default whitelist 'file,crypto,data'
[AVIOContext @ 0000024acc7c3180] Statistics: 1169 bytes read, 0 seeks
[image2 @ 0000024acc7b7100] Opening 'J:/Omeir/School/Y12/CompSci/FreeKnight/FreeKnight_v1/Colour1/NoOutline/SeparatePngs/idle/frame0010.png' for reading
[file @ 0000024acc7bfa40] Setting default whitelist 'file,crypto,data'
[AVIOContext @ 0000024acc7c3180] Statistics: 1169 bytes read, 0 seeks
[image2 @ 0000024acc7b7100] Opening 'J:/Omeir/School/Y12/CompSci/FreeKnight/FreeKnight_v1/Colour1/NoOutline/SeparatePngs/idle/frame0011.png' for reading
[file @ 0000024acc7bfa40] Setting default whitelist 'file,crypto,data'
[AVIOContext @ 0000024acc7c3180] Statistics: 1169 bytes read, 0 seeks
[image2 @ 0000024acc7b7100] Opening 'J:/Omeir/School/Y12/CompSci/FreeKnight/FreeKnight_v1/Colour1/NoOutline/SeparatePngs/idle/frame0012.png' for reading
[file @ 0000024acc7bfa40] Setting default whitelist 'file,crypto,data'
[AVIOContext @ 0000024acc7c3180] Statistics: 1169 bytes read, 0 seeks
[image2 @ 0000024acc7b7100] Opening 'J:/Omeir/School/Y12/CompSci/FreeKnight/FreeKnight_v1/Colour1/NoOutline/SeparatePngs/idle/frame0013.png' for reading
[file @ 0000024acc7bfa40] Setting default whitelist 'file,crypto,data'
[AVIOContext @ 0000024acc7c3180] Statistics: 1169 bytes read, 0 seeks
[image2 @ 0000024acc7b7100] Opening 'J:/Omeir/School/Y12/CompSci/FreeKnight/FreeKnight_v1/Colour1/NoOutline/SeparatePngs/idle/frame0014.png' for reading
[file @ 0000024acc7bfa40] Setting default whitelist 'file,crypto,data'
[AVIOContext @ 0000024acc7c3180] Statistics: 1169 bytes read, 0 seeks
[image2 @ 0000024acc7b7100] Opening 'J:/Omeir/School/Y12/CompSci/FreeKnight/FreeKnight_v1/Colour1/NoOutline/SeparatePngs/idle/frame0015.png' for reading
[file @ 0000024acc7bfa40] Setting default whitelist 'file,crypto,data'
[AVIOContext @ 0000024acc7d7e40] Statistics: 1169 bytes read, 0 seeks
[image2 @ 0000024acc7b7100] Opening 'J:/Omeir/School/Y12/CompSci/FreeKnight/FreeKnight_v1/Colour1/NoOutline/SeparatePngs/idle/frame0016.png' for reading
[file @ 0000024acc7bfa40] Setting default whitelist 'file,crypto,data'
[AVIOContext @ 0000024acc7d7e40] Statistics: 1169 bytes read, 0 seeks
[image2 @ 0000024acc7b7100] Opening 'J:/Omeir/School/Y12/CompSci/FreeKnight/FreeKnight_v1/Colour1/NoOutline/SeparatePngs/idle/frame0017.png' for reading
[file @ 0000024acc7bfa40] Setting default whitelist 'file,crypto,data'
[AVIOContext @ 0000024acc7d7e40] Statistics: 1169 bytes read, 0 seeks
[image2 @ 0000024acc7b7100] Opening 'J:/Omeir/School/Y12/CompSci/FreeKnight/FreeKnight_v1/Colour1/NoOutline/SeparatePngs/idle/frame0018.png' for reading
[file @ 0000024acc7bfa40] Setting default whitelist 'file,crypto,data'
[AVIOContext @ 0000024acc7d7e40] Statistics: 1169 bytes read, 0 seeks
[image2 @ 0000024acc7b7100] Opening 'J:/Omeir/School/Y12/CompSci/FreeKnight/FreeKnight_v1/Colour1/NoOutline/SeparatePngs/idle/frame0019.png' for reading
[file @ 0000024acc7bfa40] Setting default whitelist 'file,crypto,data'
[AVIOContext @ 0000024acc7d7e40] Statistics: 1169 bytes read, 0 seeks
[image2 @ 0000024acc7b7100] Opening 'J:/Omeir/School/Y12/CompSci/FreeKnight/FreeKnight_v1/Colour1/NoOutline/SeparatePngs/idle/frame0020.png' for reading
[file @ 0000024acc7bfa40] Setting default whitelist 'file,crypto,data'
[AVIOContext @ 0000024acc7d7e40] Statistics: 1169 bytes read, 0 seeks
[image2 @ 0000024acc7b7100] Opening 'J:/Omeir/School/Y12/CompSci/FreeKnight/FreeKnight_v1/Colour1/NoOutline/SeparatePngs/idle/frame0021.png' for reading
[file @ 0000024acc7bfa40] Setting default whitelist 'file,crypto,data'
[AVIOContext @ 0000024acc7d7e40] Statistics: 1169 bytes read, 0 seeks
[image2 @ 0000024acc7b7100] Opening 'J:/Omeir/School/Y12/CompSci/FreeKnight/FreeKnight_v1/Colour1/NoOutline/SeparatePngs/idle/frame0022.png' for reading
[file @ 0000024acc7bfa40] Setting default whitelist 'file,crypto,data'
[AVIOContext @ 0000024acc7d7e40] Statistics: 1169 bytes read, 0 seeks
[image2 @ 0000024acc7b7100] Opening 'J:/Omeir/School/Y12/CompSci/FreeKnight/FreeKnight_v1/Colour1/NoOutline/SeparatePngs/idle/frame0023.png' for reading
[file @ 0000024acc7bfa40] Setting default whitelist 'file,crypto,data'
[AVIOContext @ 0000024acc7d7e40] Statistics: 1169 bytes read, 0 seeks
[image2 @ 0000024acc7b7100] Opening 'J:/Omeir/School/Y12/CompSci/FreeKnight/FreeKnight_v1/Colour1/NoOutline/SeparatePngs/idle/frame0024.png' for reading
[file @ 0000024acc7bfa40] Setting default whitelist 'file,crypto,data'
[AVIOContext @ 0000024acc7d7e40] Statistics: 1169 bytes read, 0 seeks
[image2 @ 0000024acc7b7100] Opening 'J:/Omeir/School/Y12/CompSci/FreeKnight/FreeKnight_v1/Colour1/NoOutline/SeparatePngs/idle/frame0025.png' for reading
[file @ 0000024acc7bfa40] Setting default whitelist 'file,crypto,data'
[AVIOContext @ 0000024acc7d7e40] Statistics: 1169 bytes read, 0 seeks
[image2 @ 0000024acc7b7100] Opening 'J:/Omeir/School/Y12/CompSci/FreeKnight/FreeKnight_v1/Colour1/NoOutline/SeparatePngs/idle/frame0026.png' for reading
[file @ 0000024acc7bfa40] Setting default whitelist 'file,crypto,data'
[AVIOContext @ 0000024acc7d7e40] Statistics: 1169 bytes read, 0 seeks
[image2 @ 0000024acc7b7100] Opening 'J:/Omeir/School/Y12/CompSci/FreeKnight/FreeKnight_v1/Colour1/NoOutline/SeparatePngs/idle/frame0027.png' for reading
[file @ 0000024acc7bfa40] Setting default whitelist 'file,crypto,data'
[AVIOContext @ 0000024acc7d7e40] Statistics: 1169 bytes read, 0 seeks
[image2 @ 0000024acc7b7100] Opening 'J:/Omeir/School/Y12/CompSci/FreeKnight/FreeKnight_v1/Colour1/NoOutline/SeparatePngs/idle/frame0028.png' for reading
[file @ 0000024acc7bfa40] Setting default whitelist 'file,crypto,data'
[AVIOContext @ 0000024acc7d7e40] Statistics: 1169 bytes read, 0 seeks
[image2 @ 0000024acc7b7100] Opening 'J:/Omeir/School/Y12/CompSci/FreeKnight/FreeKnight_v1/Colour1/NoOutline/SeparatePngs/idle/frame0029.png' for reading
[file @ 0000024acc7bfa40] Setting default whitelist 'file,crypto,data'
[AVIOContext @ 0000024acc7d7e40] Statistics: 1169 bytes read, 0 seeks
[image2 @ 0000024acc7b7100] Opening 'J:/Omeir/School/Y12/CompSci/FreeKnight/FreeKnight_v1/Colour1/NoOutline/SeparatePngs/idle/frame0030.png' for reading
[file @ 0000024acc7bfa40] Setting default whitelist 'file,crypto,data'
[AVIOContext @ 0000024acc7d7e40] Statistics: 1169 bytes read, 0 seeks
[image2 @ 0000024acc7b7100] Opening 'J:/Omeir/School/Y12/CompSci/FreeKnight/FreeKnight_v1/Colour1/NoOutline/SeparatePngs/idle/frame0031.png' for reading
[file @ 0000024acc7bfa40] Setting default whitelist 'file,crypto,data'
[AVIOContext @ 0000024acc7d7e40] Statistics: 1169 bytes read, 0 seeks
[image2 @ 0000024acc7b7100] Opening 'J:/Omeir/School/Y12/CompSci/FreeKnight/FreeKnight_v1/Colour1/NoOutline/SeparatePngs/idle/frame0032.png' for reading
[file @ 0000024acc7bfa40] Setting default whitelist 'file,crypto,data'
[AVIOContext @ 0000024acc7d7e40] Statistics: 1169 bytes read, 0 seeks
[image2 @ 0000024acc7b7100] Opening 'J:/Omeir/School/Y12/CompSci/FreeKnight/FreeKnight_v1/Colour1/NoOutline/SeparatePngs/idle/frame0033.png' for reading
[file @ 0000024acc7bfa40] Setting default whitelist 'file,crypto,data'
[AVIOContext @ 0000024acc7d7e40] Statistics: 1169 bytes read, 0 seeks
[image2 @ 0000024acc7b7100] Opening 'J:/Omeir/School/Y12/CompSci/FreeKnight/FreeKnight_v1/Colour1/NoOutline/SeparatePngs/idle/frame0034.png' for reading
[file @ 0000024acc7bfa40] Setting default whitelist 'file,crypto,data'
[AVIOContext @ 0000024acc7d7e40] Statistics: 1169 bytes read, 0 seeks
[image2 @ 0000024acc7b7100] Opening 'J:/Omeir/School/Y12/CompSci/FreeKnight/FreeKnight_v1/Colour1/NoOutline/SeparatePngs/idle/frame0035.png' for reading
[file @ 0000024acc7bfa40] Setting default whitelist 'file,crypto,data'
[AVIOContext @ 0000024acc7d7e40] Statistics: 1169 bytes read, 0 seeks
[image2 @ 0000024acc7b7100] Opening 'J:/Omeir/School/Y12/CompSci/FreeKnight/FreeKnight_v1/Colour1/NoOutline/SeparatePngs/idle/frame0036.png' for reading
[file @ 0000024acc7bfa40] Setting default whitelist 'file,crypto,data'
[AVIOContext @ 0000024acc7d7e40] Statistics: 1169 bytes read, 0 seeks
[image2 @ 0000024acc7b7100] Opening 'J:/Omeir/School/Y12/CompSci/FreeKnight/FreeKnight_v1/Colour1/NoOutline/SeparatePngs/idle/frame0037.png' for reading
[file @ 0000024acc7bfa40] Setting default whitelist 'file,crypto,data'
[AVIOContext @ 0000024acc7d7e40] Statistics: 1169 bytes read, 0 seeks
[image2 @ 0000024acc7b7100] Opening 'J:/Omeir/School/Y12/CompSci/FreeKnight/FreeKnight_v1/Colour1/NoOutline/SeparatePngs/idle/frame0038.png' for reading
[file @ 0000024acc7bfa40] Setting default whitelist 'file,crypto,data'
[AVIOContext @ 0000024acc7d7e40] Statistics: 1169 bytes read, 0 seeks
[image2 @ 0000024acc7b7100] Opening 'J:/Omeir/School/Y12/CompSci/FreeKnight/FreeKnight_v1/Colour1/NoOutline/SeparatePngs/idle/frame0039.png' for reading
[file @ 0000024acc7bfa40] Setting default whitelist 'file,crypto,data'
[AVIOContext @ 0000024acc7d7e40] Statistics: 1169 bytes read, 0 seeks
[image2 @ 0000024acc7b7100] Opening 'J:/Omeir/School/Y12/CompSci/FreeKnight/FreeKnight_v1/Colour1/NoOutline/SeparatePngs/idle/frame0040.png' for reading
[file @ 0000024acc7bfa40] Setting default whitelist 'file,crypto,data'
[AVIOContext @ 0000024acc7d7e40] Statistics: 1169 bytes read, 0 seeks
[image2 @ 0000024acc7b7100] Opening 'J:/Omeir/School/Y12/CompSci/FreeKnight/FreeKnight_v1/Colour1/NoOutline/SeparatePngs/idle/frame0041.png' for reading
[file @ 0000024acc7bfa40] Setting default whitelist 'file,crypto,data'
[AVIOContext @ 0000024acc7d7e40] Statistics: 1169 bytes read, 0 seeks
[image2 @ 0000024acc7b7100] Opening 'J:/Omeir/School/Y12/CompSci/FreeKnight/FreeKnight_v1/Colour1/NoOutline/SeparatePngs/idle/frame0042.png' for reading
[file @ 0000024acc7bfa40] Setting default whitelist 'file,crypto,data'
[AVIOContext @ 0000024acc7d7e40] Statistics: 1169 bytes read, 0 seeks
[image2 @ 0000024acc7b7100] Opening 'J:/Omeir/School/Y12/CompSci/FreeKnight/FreeKnight_v1/Colour1/NoOutline/SeparatePngs/idle/frame0043.png' for reading
[file @ 0000024acc7bfa40] Setting default whitelist 'file,crypto,data'
[AVIOContext @ 0000024acc7d7e40] Statistics: 1169 bytes read, 0 seeks
[image2 @ 0000024acc7b7100] Opening 'J:/Omeir/School/Y12/CompSci/FreeKnight/FreeKnight_v1/Colour1/NoOutline/SeparatePngs/idle/frame0044.png' for reading
[file @ 0000024acc7bfa40] Setting default whitelist 'file,crypto,data'
[AVIOContext @ 0000024acc7d7e40] Statistics: 1169 bytes read, 0 seeks
[image2 @ 0000024acc7b7100] Opening 'J:/Omeir/School/Y12/CompSci/FreeKnight/FreeKnight_v1/Colour1/NoOutline/SeparatePngs/idle/frame0045.png' for reading
[file @ 0000024acc7bfa40] Setting default whitelist 'file,crypto,data'
[AVIOContext @ 0000024acc7d7e40] Statistics: 1169 bytes read, 0 seeks
[image2 @ 0000024acc7b7100] Opening 'J:/Omeir/School/Y12/CompSci/FreeKnight/FreeKnight_v1/Colour1/NoOutline/SeparatePngs/idle/frame0046.png' for reading
[file @ 0000024acc7bfa40] Setting default whitelist 'file,crypto,data'
[AVIOContext @ 0000024acc7d7e40] Statistics: 1169 bytes read, 0 seeks
[image2 @ 0000024acc7b7100] Opening 'J:/Omeir/School/Y12/CompSci/FreeKnight/FreeKnight_v1/Colour1/NoOutline/SeparatePngs/idle/frame0047.png' for reading
[file @ 0000024acc7bfa40] Setting default whitelist 'file,crypto,data'
[AVIOContext @ 0000024acc7d7e40] Statistics: 1169 bytes read, 0 seeks
[image2 @ 0000024acc7b7100] Opening 'J:/Omeir/School/Y12/CompSci/FreeKnight/FreeKnight_v1/Colour1/NoOutline/SeparatePngs/idle/frame0048.png' for reading
[file @ 0000024acc7bfa40] Setting default whitelist 'file,crypto,data'
[AVIOContext @ 0000024acc7d7e40] Statistics: 1169 bytes read, 0 seeks
[image2 @ 0000024acc7b7100] Opening 'J:/Omeir/School/Y12/CompSci/FreeKnight/FreeKnight_v1/Colour1/NoOutline/SeparatePngs/idle/frame0049.png' for reading
[file @ 0000024acc7bfa40] Setting default whitelist 'file,crypto,data'
[AVIOContext @ 0000024acc7d7e40] Statistics: 1169 bytes read, 0 seeks
[image2 @ 0000024acc7b7100] Opening 'J:/Omeir/School/Y12/CompSci/FreeKnight/FreeKnight_v1/Colour1/NoOutline/SeparatePngs/idle/frame0050.png' for reading
[file @ 0000024acc7bfa40] Setting default whitelist 'file,crypto,data'
[AVIOContext @ 0000024acc7d7e40] Statistics: 1169 bytes read, 0 seeks
[image2 @ 0000024acc7b7100] Opening 'J:/Omeir/School/Y12/CompSci/FreeKnight/FreeKnight_v1/Colour1/NoOutline/SeparatePngs/idle/frame0051.png' for reading
[file @ 0000024acc7bfa40] Setting default whitelist 'file,crypto,data'
[AVIOContext @ 0000024acc7d7e40] Statistics: 1169 bytes read, 0 seeks
[image2 @ 0000024acc7b7100] Opening 'J:/Omeir/School/Y12/CompSci/FreeKnight/FreeKnight_v1/Colour1/NoOutline/SeparatePngs/idle/frame0052.png' for reading
[file @ 0000024acc7bfa40] Setting default whitelist 'file,crypto,data'
[AVIOContext @ 0000024acc7d7e40] Statistics: 1169 bytes read, 0 seeks
[image2 @ 0000024acc7b7100] Opening 'J:/Omeir/School/Y12/CompSci/FreeKnight/FreeKnight_v1/Colour1/NoOutline/SeparatePngs/idle/frame0053.png' for reading
[file @ 0000024acc7bfa40] Setting default whitelist 'file,crypto,data'
[AVIOContext @ 0000024acc7d7e40] Statistics: 1169 bytes read, 0 seeks
[image2 @ 0000024acc7b7100] Opening 'J:/Omeir/School/Y12/CompSci/FreeKnight/FreeKnight_v1/Colour1/NoOutline/SeparatePngs/idle/frame0054.png' for reading
[file @ 0000024acc7bfa40] Setting default whitelist 'file,crypto,data'
[AVIOContext @ 0000024acc7d7e40] Statistics: 1169 bytes read, 0 seeks
[image2 @ 0000024acc7b7100] Opening 'J:/Omeir/School/Y12/CompSci/FreeKnight/FreeKnight_v1/Colour1/NoOutline/SeparatePngs/idle/frame0055.png' for reading
[file @ 0000024acc7bfa40] Setting default whitelist 'file,crypto,data'
[AVIOContext @ 0000024acc7d7e40] Statistics: 1169 bytes read, 0 seeks
[image2 @ 0000024acc7b7100] Opening 'J:/Omeir/School/Y12/CompSci/FreeKnight/FreeKnight_v1/Colour1/NoOutline/SeparatePngs/idle/frame0056.png' for reading
[file @ 0000024acc7bfa40] Setting default whitelist 'file,crypto,data'
[AVIOContext @ 0000024acc7d7e40] Statistics: 1169 bytes read, 0 seeks
[image2 @ 0000024acc7b7100] Opening 'J:/Omeir/School/Y12/CompSci/FreeKnight/FreeKnight_v1/Colour1/NoOutline/SeparatePngs/idle/frame0057.png' for reading
[file @ 0000024acc7bfa40] Setting default whitelist 'file,crypto,data'
[AVIOContext @ 0000024acc7d7e40] Statistics: 1169 bytes read, 0 seeks
[image2 @ 0000024acc7b7100] Opening 'J:/Omeir/School/Y12/CompSci/FreeKnight/FreeKnight_v1/Colour1/NoOutline/SeparatePngs/idle/frame0058.png' for reading
[file @ 0000024acc7bfa40] Setting default whitelist 'file,crypto,data'
[AVIOContext @ 0000024acc7d7e40] Statistics: 1169 bytes read, 0 seeks
[image2 @ 0000024acc7b7100] Opening 'J:/Omeir/School/Y12/CompSci/FreeKnight/FreeKnight_v1/Colour1/NoOutline/SeparatePngs/idle/frame0059.png' for reading
[file @ 0000024acc7bfa40] Setting default whitelist 'file,crypto,data'
[AVIOContext @ 0000024acc7d7e40] Statistics: 1169 bytes read, 0 seeks
[image2 @ 0000024acc7b7100] Opening 'J:/Omeir/School/Y12/CompSci/FreeKnight/FreeKnight_v1/Colour1/NoOutline/SeparatePngs/idle/frame0060.png' for reading
[file @ 0000024acc7bfa40] Setting default whitelist 'file,crypto,data'
[AVIOContext @ 0000024acc7d7e40] Statistics: 1169 bytes read, 0 seeks
[image2 @ 0000024acc7b7100] Opening 'J:/Omeir/School/Y12/CompSci/FreeKnight/FreeKnight_v1/Colour1/NoOutline/SeparatePngs/idle/frame0061.png' for reading
[file @ 0000024acc7bfa40] Setting default whitelist 'file,crypto,data'
[AVIOContext @ 0000024acc7d7e40] Statistics: 1169 bytes read, 0 seeks
[image2 @ 0000024acc7b7100] Opening 'J:/Omeir/School/Y12/CompSci/FreeKnight/FreeKnight_v1/Colour1/NoOutline/SeparatePngs/idle/frame0062.png' for reading
[file @ 0000024acc7bfa40] Setting default whitelist 'file,crypto,data'
[AVIOContext @ 0000024acc7d7e40] Statistics: 1169 bytes read, 0 seeks
[image2 @ 0000024acc7b7100] Opening 'J:/Omeir/School/Y12/CompSci/FreeKnight/FreeKnight_v1/Colour1/NoOutline/SeparatePngs/idle/frame0063.png' for reading
[file @ 0000024acc7bfa40] Setting default whitelist 'file,crypto,data'
[AVIOContext @ 0000024acc7d7e40] Statistics: 1169 bytes read, 0 seeks
[image2 @ 0000024acc7b7100] Opening 'J:/Omeir/School/Y12/CompSci/FreeKnight/FreeKnight_v1/Colour1/NoOutline/SeparatePngs/idle/frame0064.png' for reading
[file @ 0000024acc7bfa40] Setting default whitelist 'file,crypto,data'
[AVIOContext @ 0000024acc7d7e40] Statistics: 1169 bytes read, 0 seeks
[image2 @ 0000024acc7b7100] Opening 'J:/Omeir/School/Y12/CompSci/FreeKnight/FreeKnight_v1/Colour1/NoOutline/SeparatePngs/idle/frame0065.png' for reading
[file @ 0000024acc7bfa40] Setting default whitelist 'file,crypto,data'
[AVIOContext @ 0000024acc7d7e40] Statistics: 1169 bytes read, 0 seeks
[image2 @ 0000024acc7b7100] Opening 'J:/Omeir/School/Y12/CompSci/FreeKnight/FreeKnight_v1/Colour1/NoOutline/SeparatePngs/idle/frame0066.png' for reading
[file @ 0000024acc7bfa40] Setting default whitelist 'file,crypto,data'
[AVIOContext @ 0000024acc7d7e40] Statistics: 1169 bytes read, 0 seeks
[image2 @ 0000024acc7b7100] Opening 'J:/Omeir/School/Y12/CompSci/FreeKnight/FreeKnight_v1/Colour1/NoOutline/SeparatePngs/idle/frame0067.png' for reading
[file @ 0000024acc7bfa40] Setting default whitelist 'file,crypto,data'
[AVIOContext @ 0000024acc7d7e40] Statistics: 1169 bytes read, 0 seeks
[image2 @ 0000024acc7b7100] Opening 'J:/Omeir/School/Y12/CompSci/FreeKnight/FreeKnight_v1/Colour1/NoOutline/SeparatePngs/idle/frame0068.png' for reading
[file @ 0000024acc7bfa40] Setting default whitelist 'file,crypto,data'
[AVIOContext @ 0000024acc7d7e40] Statistics: 1169 bytes read, 0 seeks
[image2 @ 0000024acc7b7100] Opening 'J:/Omeir/School/Y12/CompSci/FreeKnight/FreeKnight_v1/Colour1/NoOutline/SeparatePngs/idle/frame0069.png' for reading
[file @ 0000024acc7bfa40] Setting default whitelist 'file,crypto,data'
[AVIOContext @ 0000024acc7d7e40] Statistics: 1169 bytes read, 0 seeks
[image2 @ 0000024acc7b7100] Opening 'J:/Omeir/School/Y12/CompSci/FreeKnight/FreeKnight_v1/Colour1/NoOutline/SeparatePngs/idle/frame0070.png' for reading
[file @ 0000024acc7bfa40] Setting default whitelist 'file,crypto,data'
[AVIOContext @ 0000024acc7d7e40] Statistics: 1169 bytes read, 0 seeks
[image2 @ 0000024acc7b7100] Opening 'J:/Omeir/School/Y12/CompSci/FreeKnight/FreeKnight_v1/Colour1/NoOutline/SeparatePngs/idle/frame0071.png' for reading
[file @ 0000024acc7bfa40] Setting default whitelist 'file,crypto,data'
[AVIOContext @ 0000024acc7d7e40] Statistics: 1169 bytes read, 0 seeks
[image2 @ 0000024acc7b7100] Opening 'J:/Omeir/School/Y12/CompSci/FreeKnight/FreeKnight_v1/Colour1/NoOutline/SeparatePngs/idle/frame0072.png' for reading
[file @ 0000024acc7bfa40] Setting default whitelist 'file,crypto,data'
[AVIOContext @ 0000024acc7d7e40] Statistics: 1169 bytes read, 0 seeks
[image2 @ 0000024acc7b7100] Opening 'J:/Omeir/School/Y12/CompSci/FreeKnight/FreeKnight_v1/Colour1/NoOutline/SeparatePngs/idle/frame0073.png' for reading
[file @ 0000024acc7bfa40] Setting default whitelist 'file,crypto,data'
[AVIOContext @ 0000024acc7d7e40] Statistics: 1169 bytes read, 0 seeks
[image2 @ 0000024acc7b7100] Opening 'J:/Omeir/School/Y12/CompSci/FreeKnight/FreeKnight_v1/Colour1/NoOutline/SeparatePngs/idle/frame0074.png' for reading
[file @ 0000024acc7bfa40] Setting default whitelist 'file,crypto,data'
[AVIOContext @ 0000024acc7d7e40] Statistics: 1169 bytes read, 0 seeks
[image2 @ 0000024acc7b7100] Opening 'J:/Omeir/School/Y12/CompSci/FreeKnight/FreeKnight_v1/Colour1/NoOutline/SeparatePngs/idle/frame0075.png' for reading
[file @ 0000024acc7bfa40] Setting default whitelist 'file,crypto,data'
[AVIOContext @ 0000024acc7d7e40] Statistics: 1169 bytes read, 0 seeks
[image2 @ 0000024acc7b7100] Opening 'J:/Omeir/School/Y12/CompSci/FreeKnight/FreeKnight_v1/Colour1/NoOutline/SeparatePngs/idle/frame0076.png' for reading
[file @ 0000024acc7bfa40] Setting default whitelist 'file,crypto,data'
[AVIOContext @ 0000024acc7d7e40] Statistics: 1169 bytes read, 0 seeks
[image2 @ 0000024acc7b7100] Opening 'J:/Omeir/School/Y12/CompSci/FreeKnight/FreeKnight_v1/Colour1/NoOutline/SeparatePngs/idle/frame0077.png' for reading
[file @ 0000024acc7bfa40] Setting default whitelist 'file,crypto,data'
[AVIOContext @ 0000024acc7d7e40] Statistics: 1169 bytes read, 0 seeks
[image2 @ 0000024acc7b7100] Opening 'J:/Omeir/School/Y12/CompSci/FreeKnight/FreeKnight_v1/Colour1/NoOutline/SeparatePngs/idle/frame0078.png' for reading
[file @ 0000024acc7bfa40] Setting default whitelist 'file,crypto,data'
[AVIOContext @ 0000024acc7d7e40] Statistics: 1169 bytes read, 0 seeks
[image2 @ 0000024acc7b7100] Opening 'J:/Omeir/School/Y12/CompSci/FreeKnight/FreeKnight_v1/Colour1/NoOutline/SeparatePngs/idle/frame0079.png' for reading
[file @ 0000024acc7bfa40] Setting default whitelist 'file,crypto,data'
[AVIOContext @ 0000024acc7d7e40] Statistics: 1169 bytes read, 0 seeks
[image2 @ 0000024acc7b7100] Opening 'J:/Omeir/School/Y12/CompSci/FreeKnight/FreeKnight_v1/Colour1/NoOutline/SeparatePngs/idle/frame0080.png' for reading
[file @ 0000024acc7bfa40] Setting default whitelist 'file,crypto,data'
[AVIOContext @ 0000024acc7d7e40] Statistics: 1169 bytes read, 0 seeks
[image2 @ 0000024acc7b7100] Opening 'J:/Omeir/School/Y12/CompSci/FreeKnight/FreeKnight_v1/Colour1/NoOutline/SeparatePngs/idle/frame0081.png' for reading
[file @ 0000024acc7bfa40] Setting default whitelist 'file,crypto,data'
[AVIOContext @ 0000024acc7d7e40] Statistics: 1169 bytes read, 0 seeks
[image2 @ 0000024acc7b7100] Opening 'J:/Omeir/School/Y12/CompSci/FreeKnight/FreeKnight_v1/Colour1/NoOutline/SeparatePngs/idle/frame0082.png' for reading
[file @ 0000024acc7bfa40] Setting default whitelist 'file,crypto,data'
[AVIOContext @ 0000024acc7d7e40] Statistics: 1169 bytes read, 0 seeks
[image2 @ 0000024acc7b7100] Opening 'J:/Omeir/School/Y12/CompSci/FreeKnight/FreeKnight_v1/Colour1/NoOutline/SeparatePngs/idle/frame0083.png' for reading
[file @ 0000024acc7bfa40] Setting default whitelist 'file,crypto,data'
[AVIOContext @ 0000024acc7d7e40] Statistics: 1169 bytes read, 0 seeks
[image2 @ 0000024acc7b7100] Opening 'J:/Omeir/School/Y12/CompSci/FreeKnight/FreeKnight_v1/Colour1/NoOutline/SeparatePngs/idle/frame0084.png' for reading
[file @ 0000024acc7bfa40] Setting default whitelist 'file,crypto,data'
[AVIOContext @ 0000024acc7d7e40] Statistics: 1169 bytes read, 0 seeks
[image2 @ 0000024acc7b7100] Opening 'J:/Omeir/School/Y12/CompSci/FreeKnight/FreeKnight_v1/Colour1/NoOutline/SeparatePngs/idle/frame0085.png' for reading
[file @ 0000024acc7bfa40] Setting default whitelist 'file,crypto,data'
[AVIOContext @ 0000024acc7d7e40] Statistics: 1169 bytes read, 0 seeks
[image2 @ 0000024acc7b7100] Opening 'J:/Omeir/School/Y12/CompSci/FreeKnight/FreeKnight_v1/Colour1/NoOutline/SeparatePngs/idle/frame0086.png' for reading
[file @ 0000024acc7bfa40] Setting default whitelist 'file,crypto,data'
[AVIOContext @ 0000024acc7d7e40] Statistics: 1169 bytes read, 0 seeks
[image2 @ 0000024acc7b7100] Opening 'J:/Omeir/School/Y12/CompSci/FreeKnight/FreeKnight_v1/Colour1/NoOutline/SeparatePngs/idle/frame0087.png' for reading
[file @ 0000024acc7bfa40] Setting default whitelist 'file,crypto,data'
[AVIOContext @ 0000024acc7d7e40] Statistics: 1169 bytes read, 0 seeks
[image2 @ 0000024acc7b7100] Opening 'J:/Omeir/School/Y12/CompSci/FreeKnight/FreeKnight_v1/Colour1/NoOutline/SeparatePngs/idle/frame0088.png' for reading
[file @ 0000024acc7bfa40] Setting default whitelist 'file,crypto,data'
[AVIOContext @ 0000024acc7d7e40] Statistics: 1169 bytes read, 0 seeks
[image2 @ 0000024acc7b7100] Opening 'J:/Omeir/School/Y12/CompSci/FreeKnight/FreeKnight_v1/Colour1/NoOutline/SeparatePngs/idle/frame0089.png' for reading
[file @ 0000024acc7bfa40] Setting default whitelist 'file,crypto,data'
[AVIOContext @ 0000024acc7d7e40] Statistics: 1169 bytes read, 0 seeks
[image2 @ 0000024acc7b7100] Opening 'J:/Omeir/School/Y12/CompSci/FreeKnight/FreeKnight_v1/Colour1/NoOutline/SeparatePngs/idle/frame0090.png' for reading
[file @ 0000024acc7bfa40] Setting default whitelist 'file,crypto,data'
[AVIOContext @ 0000024acc7d7e40] Statistics: 1169 bytes read, 0 seeks
[image2 @ 0000024acc7b7100] Opening 'J:/Omeir/School/Y12/CompSci/FreeKnight/FreeKnight_v1/Colour1/NoOutline/SeparatePngs/idle/frame0091.png' for reading
[file @ 0000024acc7bfa40] Setting default whitelist 'file,crypto,data'
[AVIOContext @ 0000024acc7d7e40] Statistics: 1169 bytes read, 0 seeks
[image2 @ 0000024acc7b7100] Opening 'J:/Omeir/School/Y12/CompSci/FreeKnight/FreeKnight_v1/Colour1/NoOutline/SeparatePngs/idle/frame0092.png' for reading
[file @ 0000024acc7bfa40] Setting default whitelist 'file,crypto,data'
[AVIOContext @ 0000024acc7d7e40] Statistics: 1169 bytes read, 0 seeks
[image2 @ 0000024acc7b7100] Opening 'J:/Omeir/School/Y12/CompSci/FreeKnight/FreeKnight_v1/Colour1/NoOutline/SeparatePngs/idle/frame0093.png' for reading
[file @ 0000024acc7bfa40] Setting default whitelist 'file,crypto,data'
[AVIOContext @ 0000024acc7d7e40] Statistics: 1169 bytes read, 0 seeks
[image2 @ 0000024acc7b7100] Opening 'J:/Omeir/School/Y12/CompSci/FreeKnight/FreeKnight_v1/Colour1/NoOutline/SeparatePngs/idle/frame0094.png' for reading
[file @ 0000024acc7bfa40] Setting default whitelist 'file,crypto,data'
[AVIOContext @ 0000024acc7d7e40] Statistics: 1169 bytes read, 0 seeks
[image2 @ 0000024acc7b7100] Opening 'J:/Omeir/School/Y12/CompSci/FreeKnight/FreeKnight_v1/Colour1/NoOutline/SeparatePngs/idle/frame0095.png' for reading
[file @ 0000024acc7bfa40] Setting default whitelist 'file,crypto,data'
[AVIOContext @ 0000024acc7d7e40] Statistics: 1169 bytes read, 0 seeks
[image2 @ 0000024acc7b7100] Opening 'J:/Omeir/School/Y12/CompSci/FreeKnight/FreeKnight_v1/Colour1/NoOutline/SeparatePngs/idle/frame0096.png' for reading
[file @ 0000024acc7bfa40] Setting default whitelist 'file,crypto,data'
[AVIOContext @ 0000024acc7d7e40] Statistics: 1169 bytes read, 0 seeks
[image2 @ 0000024acc7b7100] Opening 'J:/Omeir/School/Y12/CompSci/FreeKnight/FreeKnight_v1/Colour1/NoOutline/SeparatePngs/idle/frame0097.png' for reading
[file @ 0000024acc7bfa40] Setting default whitelist 'file,crypto,data'
[AVIOContext @ 0000024acc7d7e40] Statistics: 1169 bytes read, 0 seeks
[image2 @ 0000024acc7b7100] Opening 'J:/Omeir/School/Y12/CompSci/FreeKnight/FreeKnight_v1/Colour1/NoOutline/SeparatePngs/idle/frame0098.png' for reading
[file @ 0000024acc7bfa40] Setting default whitelist 'file,crypto,data'
[AVIOContext @ 0000024acc7d7e40] Statistics: 1169 bytes read, 0 seeks
[image2 @ 0000024acc7b7100] Opening 'J:/Omeir/School/Y12/CompSci/FreeKnight/FreeKnight_v1/Colour1/NoOutline/SeparatePngs/idle/frame0099.png' for reading
[file @ 0000024acc7bfa40] Setting default whitelist 'file,crypto,data'
[AVIOContext @ 0000024acc7d7e40] Statistics: 1169 bytes read, 0 seeks
[image2 @ 0000024acc7b7100] Opening 'J:/Omeir/School/Y12/CompSci/FreeKnight/FreeKnight_v1/Colour1/NoOutline/SeparatePngs/idle/frame0100.png' for reading
[file @ 0000024acc7bfa40] Setting default whitelist 'file,crypto,data'
[AVIOContext @ 0000024acc7d7e40] Statistics: 1169 bytes read, 0 seeks
Input #0, image2, from 'J:/Omeir/School/Y12/CompSci/FreeKnight/FreeKnight_v1/Colour1/NoOutline/SeparatePngs/idle/frame%04d.png':
  Duration: 00:00:04.04, start: 0.000000, bitrate: N/A
  Stream #0:0, 101, 1/25: Video: png, 1 reference frame, rgba(pc), 19x37 [SAR 11811:11811 DAR 19:37], 0/1, 25 fps, 25 tbr, 25 tbn
Successfully opened the file.
Parsing a group of options: input url J:/Omeir/School/Y12/CompSci/FreeKnight/FreeKnight_v1/Colour1/NoOutline/SeparatePngs/idle/palette.png.
Successfully parsed a group of options.
Opening an input file: J:/Omeir/School/Y12/CompSci/FreeKnight/FreeKnight_v1/Colour1/NoOutline/SeparatePngs/idle/palette.png.
[NULL @ 0000024acc7c3640] Opening 'J:/Omeir/School/Y12/CompSci/FreeKnight/FreeKnight_v1/Colour1/NoOutline/SeparatePngs/idle/palette.png' for reading
[file @ 0000024acc7d7e40] Setting default whitelist 'file,crypto,data'
[png_pipe @ 0000024acc7c3640] Format png_pipe probed with size=2048 and score=99
[png_pipe @ 0000024acc7c3640] Before avformat_find_stream_info() pos: 0 bytes read:145 seeks:0 nb_streams:1
[png_pipe @ 0000024acc7c3640] After avformat_find_stream_info() pos: 145 bytes read:145 seeks:0 frames:1
Input #1, png_pipe, from 'J:/Omeir/School/Y12/CompSci/FreeKnight/FreeKnight_v1/Colour1/NoOutline/SeparatePngs/idle/palette.png':
  Duration: N/A, bitrate: N/A
  Stream #1:0, 1, 1/25: Video: png, 1 reference frame, rgba(pc), 16x16 [SAR 1:1 DAR 1:1], 0/1, 25 fps, 25 tbr, 25 tbn
Successfully opened the file.
[Parsed_scale_0 @ 0000024acc7be600] Setting 'w' to value '20'
[Parsed_scale_0 @ 0000024acc7be600] Setting 'h' to value '38'
[Parsed_scale_0 @ 0000024acc7be600] w:20 h:38 flags:'' interl:0
Parsing a group of options: output url J:/Omeir/School/Y12/CompSci/FreeKnight/FreeKnight_v1/Colour1/NoOutline/SeparatePngs/idle/sample.gif.
Successfully parsed a group of options.
Opening an output file: J:/Omeir/School/Y12/CompSci/FreeKnight/FreeKnight_v1/Colour1/NoOutline/SeparatePngs/idle/sample.gif.
[file @ 0000024acc7bea80] Setting default whitelist 'file,crypto,data'
Successfully opened the file.
detected 16 logical cores
Stream mapping:
  Stream #0:0 (png) -> scale:default
  Stream #1:0 (png) -> paletteuse
  paletteuse:default -> Stream #0:0 (gif)
cur_dts is invalid st:0 (0) [init:0 i_done:0 finish:0] (this is harmless if it occurs once at the start per stream)
    Last message repeated 2 times
[image2 @ 0000024acc7b7100] Thread message queue blocking; consider raising the thread_queue_size option (current value: 8)
cur_dts is invalid st:0 (0) [init:0 i_done:0 finish:0] (this is harmless if it occurs once at the start per stream)
    Last message repeated 16 times
EOF in input file 1
Terminating demuxer thread 1
[Parsed_scale_0 @ 0000024acc82ecc0] Setting 'w' to value '20'
[Parsed_scale_0 @ 0000024acc82ecc0] Setting 'h' to value '38'
[Parsed_scale_0 @ 0000024acc82ecc0] w:20 h:38 flags:'' interl:0
[graph 0 input from stream 0:0 @ 0000024accd18640] Setting 'video_size' to value '19x37'
[graph 0 input from stream 0:0 @ 0000024accd18640] Setting 'pix_fmt' to value '26'
[graph 0 input from stream 0:0 @ 0000024accd18640] Setting 'time_base' to value '1/24'
[graph 0 input from stream 0:0 @ 0000024accd18640] Setting 'pixel_aspect' to value '11811/11811'
[graph 0 input from stream 0:0 @ 0000024accd18640] Setting 'frame_rate' to value '24/1'
[graph 0 input from stream 0:0 @ 0000024accd18640] w:19 h:37 pixfmt:rgba tb:1/24 fr:24/1 sar:11811/11811
[graph 0 input from stream 1:0 @ 0000024accd1af40] Setting 'video_size' to value '16x16'
[graph 0 input from stream 1:0 @ 0000024accd1af40] Setting 'pix_fmt' to value '26'
[graph 0 input from stream 1:0 @ 0000024accd1af40] Setting 'time_base' to value '1/25'
[graph 0 input from stream 1:0 @ 0000024accd1af40] Setting 'pixel_aspect' to value '1/1'
[graph 0 input from stream 1:0 @ 0000024accd1af40] Setting 'frame_rate' to value '25/1'
[graph 0 input from stream 1:0 @ 0000024accd1af40] w:16 h:16 pixfmt:rgba tb:1/25 fr:25/1 sar:1/1
[format @ 0000024accd19d40] Setting 'pix_fmts' to value 'rgb8|bgr8|rgb4_byte|bgr4_byte|gray|pal8'
[auto_scale_0 @ 0000024accd19e40] w:iw h:ih flags:'' interl:0
[Parsed_paletteuse_1 @ 0000024accd18380] auto-inserting filter 'auto_scale_0' between the filter 'graph 0 input from stream 1:0' and the filter 'Parsed_paletteuse_1'
[AVFilterGraph @ 0000024accc7cbc0] query_formats: 6 queried, 5 merged, 1 already done, 0 delayed
[swscaler @ 0000024accd1c500] [swscaler @ 0000024accd2f500] Forcing full internal H chroma due to input having non subsampled chroma
[swscaler @ 0000024accd1c500] [swscaler @ 0000024accd4c800] Forcing full internal H chroma due to input having non subsampled chroma
[swscaler @ 0000024accd1c500] [swscaler @ 0000024accd62440] Forcing full internal H chroma due to input having non subsampled chroma
[swscaler @ 0000024accd1c500] [swscaler @ 0000024accd7cb80] Forcing full internal H chroma due to input having non subsampled chroma
[swscaler @ 0000024accd1c500] [swscaler @ 0000024accd97c00] Forcing full internal H chroma due to input having non subsampled chroma
[swscaler @ 0000024accd1c500] [swscaler @ 0000024acddd00c0] Forcing full internal H chroma due to input having non subsampled chroma
[swscaler @ 0000024accd1c500] [swscaler @ 0000024acdde5d80] Forcing full internal H chroma due to input having non subsampled chroma
[swscaler @ 0000024accd1c500] [swscaler @ 0000024acde00dc0] Forcing full internal H chroma due to input having non subsampled chroma
[swscaler @ 0000024accd1c500] [swscaler @ 0000024acde1be40] Forcing full internal H chroma due to input having non subsampled chroma
[swscaler @ 0000024accd1c500] [swscaler @ 0000024acde32e80] Forcing full internal H chroma due to input having non subsampled chroma
[swscaler @ 0000024accd1c500] [swscaler @ 0000024acde47ec0] Forcing full internal H chroma due to input having non subsampled chroma
[swscaler @ 0000024accd1c500] [swscaler @ 0000024acde5ef40] Forcing full internal H chroma due to input having non subsampled chroma
[swscaler @ 0000024accd1c500] [swscaler @ 0000024acde7df80] Forcing full internal H chroma due to input having non subsampled chroma
[swscaler @ 0000024accd1c500] [swscaler @ 0000024acde97000] Forcing full internal H chroma due to input having non subsampled chroma
[swscaler @ 0000024accd1c500] [swscaler @ 0000024acdeb0040] Forcing full internal H chroma due to input having non subsampled chroma
[swscaler @ 0000024accd1c500] [swscaler @ 0000024acdecfd40] Forcing full internal H chroma due to input having non subsampled chroma
[Parsed_scale_0 @ 0000024acc82ecc0] w:19 h:37 fmt:rgba sar:11811/11811 -> w:20 h:38 fmt:bgra sar:361/370 flags:0x0
[swscaler @ 0000024acdee2d40] [swscaler @ 0000024acdef3d40] Forcing full internal H chroma due to input having non subsampled chroma
[swscaler @ 0000024acdee2d40] [swscaler @ 0000024acdf07d80] Forcing full internal H chroma due to input having non subsampled chroma
[swscaler @ 0000024acdee2d40] [swscaler @ 0000024acdf1edc0] Forcing full internal H chroma due to input having non subsampled chroma
[swscaler @ 0000024acdee2d40] [swscaler @ 0000024acdf31e00] Forcing full internal H chroma due to input having non subsampled chroma
[swscaler @ 0000024acdee2d40] [swscaler @ 0000024acdf44e40] Forcing full internal H chroma due to input having non subsampled chroma
[swscaler @ 0000024acdee2d40] [swscaler @ 0000024acdf59fc0] Forcing full internal H chroma due to input having non subsampled chroma
[swscaler @ 0000024acdee2d40] [swscaler @ 0000024acdf6cfc0] Forcing full internal H chroma due to input having non subsampled chroma
[swscaler @ 0000024acdee2d40] [swscaler @ 0000024acdf80000] Forcing full internal H chroma due to input having non subsampled chroma
[swscaler @ 0000024acdee2d40] [swscaler @ 0000024acdf93040] Forcing full internal H chroma due to input having non subsampled chroma
[swscaler @ 0000024acdee2d40] [swscaler @ 0000024acdfa82c0] Forcing full internal H chroma due to input having non subsampled chroma
[swscaler @ 0000024acdee2d40] [swscaler @ 0000024acdfbb300] Forcing full internal H chroma due to input having non subsampled chroma
[swscaler @ 0000024acdee2d40] [swscaler @ 0000024acdfce440] Forcing full internal H chroma due to input having non subsampled chroma
[swscaler @ 0000024acdee2d40] [swscaler @ 0000024acdfe15c0] Forcing full internal H chroma due to input having non subsampled chroma
[swscaler @ 0000024acdee2d40] [swscaler @ 0000024acdff4700] Forcing full internal H chroma due to input having non subsampled chroma
[swscaler @ 0000024acdee2d40] [swscaler @ 0000024ace007880] Forcing full internal H chroma due to input having non subsampled chroma
[swscaler @ 0000024acdee2d40] [swscaler @ 0000024ace01ea00] Forcing full internal H chroma due to input having non subsampled chroma
[auto_scale_0 @ 0000024accd19e40] w:16 h:16 fmt:rgba sar:1/1 -> w:16 h:16 fmt:bgra sar:1/1 flags:0x0
[Parsed_paletteuse_1 @ 0000024accd18380] [framesync @ 0000024accdbe088] Selected 1/600 time base
[Parsed_paletteuse_1 @ 0000024accd18380] [framesync @ 0000024accdbe088] Sync level 2
[swscaler @ 0000024accd1c500] [swscaler @ 0000024acdecfd40] Forcing full internal H chroma due to input having non subsampled chroma
[swscaler @ 0000024accd1c500] [swscaler @ 0000024acddd00c0] Forcing full internal H chroma due to input having non subsampled chroma
[swscaler @ 0000024accd1c500] [swscaler @ 0000024accd2f500] Forcing full internal H chroma due to input having non subsampled chroma
[swscaler @ 0000024accd1c500] [swscaler @ 0000024acdeb8080] Forcing full internal H chroma due to input having non subsampled chroma
[swscaler @ 0000024accd1c500] [swscaler @ 0000024accd99c40] Forcing full internal H chroma due to input having non subsampled chroma
[swscaler @ 0000024accd1c500] [swscaler @ 0000024accd79b40] Forcing full internal H chroma due to input having non subsampled chroma
[swscaler @ 0000024accd1c500] [swscaler @ 0000024accd45180] Forcing full internal H chroma due to input having non subsampled chroma
[swscaler @ 0000024accd1c500] [swscaler @ 0000024accd5c1c0] Forcing full internal H chroma due to input having non subsampled chroma
[swscaler @ 0000024accd1c500] [swscaler @ 0000024acde77f80] Forcing full internal H chroma due to input having non subsampled chroma
[swscaler @ 0000024accd1c500] [swscaler @ 0000024acde8efc0] Forcing full internal H chroma due to input having non subsampled chroma
[swscaler @ 0000024accd1c500] [swscaler @ 0000024acdde3d00] Forcing full internal H chroma due to input having non subsampled chroma
[swscaler @ 0000024accd1c500] [swscaler @ 0000024acddf8d40] Forcing full internal H chroma due to input having non subsampled chroma
[swscaler @ 0000024accd1c500] [swscaler @ 0000024acde11d80] Forcing full internal H chroma due to input having non subsampled chroma
[swscaler @ 0000024accd1c500] [swscaler @ 0000024acde2adc0] Forcing full internal H chroma due to input having non subsampled chroma
[swscaler @ 0000024accd1c500] [swscaler @ 0000024acde43e40] Forcing full internal H chroma due to input having non subsampled chroma
[swscaler @ 0000024accd1c500] [swscaler @ 0000024acde58e80] Forcing full internal H chroma due to input having non subsampled chroma
[Parsed_scale_0 @ 0000024acc82ecc0] w:19 h:37 fmt:rgba sar:11811/11811 -> w:20 h:38 fmt:bgra sar:361/370 flags:0x0
[swscaler @ 0000024accd1c500] [swscaler @ 0000024acddd00c0] Forcing full internal H chroma due to input having non subsampled chroma
[swscaler @ 0000024accd1c500] [swscaler @ 0000024accd2f500] Forcing full internal H chroma due to input having non subsampled chroma
[swscaler @ 0000024accd1c500] [swscaler @ 0000024acde28dc0] Forcing full internal H chroma due to input having non subsampled chroma
[swscaler @ 0000024accd1c500] [swscaler @ 0000024accd93c00] Forcing full internal H chroma due to input having non subsampled chroma
[swscaler @ 0000024accd1c500] [swscaler @ 0000024accd75b40] Forcing full internal H chroma due to input having non subsampled chroma
[swscaler @ 0000024accd1c500] [swscaler @ 0000024acdec5c80] Forcing full internal H chroma due to input having non subsampled chroma
[swscaler @ 0000024accd1c500] [swscaler @ 0000024acded4c40] Forcing full internal H chroma due to input having non subsampled chroma
[swscaler @ 0000024accd1c500] [swscaler @ 0000024acdeae080] Forcing full internal H chroma due to input having non subsampled chroma
[swscaler @ 0000024accd1c500] [swscaler @ 0000024acde49e40] Forcing full internal H chroma due to input having non subsampled chroma
[swscaler @ 0000024accd1c500] [swscaler @ 0000024acde75f80] Forcing full internal H chroma due to input having non subsampled chroma
[swscaler @ 0000024accd1c500] [swscaler @ 0000024acde84f40] Forcing full internal H chroma due to input having non subsampled chroma
[swscaler @ 0000024accd1c500] [swscaler @ 0000024accd43180] Forcing full internal H chroma due to input having non subsampled chroma
[swscaler @ 0000024accd1c500] [swscaler @ 0000024accd54180] Forcing full internal H chroma due to input having non subsampled chroma
[swscaler @ 0000024accd1c500] [swscaler @ 0000024acdde3d00] Forcing full internal H chroma due to input having non subsampled chroma
[swscaler @ 0000024accd1c500] [swscaler @ 0000024acddf4cc0] Forcing full internal H chroma due to input having non subsampled chroma
[swscaler @ 0000024accd1c500] [swscaler @ 0000024acde09d00] Forcing full internal H chroma due to input having non subsampled chroma
[Parsed_scale_0 @ 0000024acc82ecc0] w:19 h:37 fmt:rgba sar:11811/11811 -> w:20 h:38 fmt:bgra sar:361/370 flags:0x0
[swscaler @ 0000024accd1c500] [swscaler @ 0000024acddd00c0] Forcing full internal H chroma due to input having non subsampled chroma
[swscaler @ 0000024accd1c500] [swscaler @ 0000024accd2f500] Forcing full internal H chroma due to input having non subsampled chroma
[swscaler @ 0000024accd1c500] [swscaler @ 0000024accd93c00] Forcing full internal H chroma due to input having non subsampled chroma
[swscaler @ 0000024accd1c500] [swscaler @ 0000024accda0bc0] Forcing full internal H chroma due to input having non subsampled chroma
[swscaler @ 0000024accd1c500] [swscaler @ 0000024accd75b40] Forcing full internal H chroma due to input having non subsampled chroma
[swscaler @ 0000024accd1c500] [swscaler @ 0000024acdec5c80] Forcing full internal H chroma due to input having non subsampled chroma
[swscaler @ 0000024accd1c500] [swscaler @ 0000024accd43180] Forcing full internal H chroma due to input having non subsampled chroma
[swscaler @ 0000024accd1c500] [swscaler @ 0000024accd50140] Forcing full internal H chroma due to input having non subsampled chroma
[swscaler @ 0000024accd1c500] [swscaler @ 0000024acdde7d00] Forcing full internal H chroma due to input having non subsampled chroma
[swscaler @ 0000024accd1c500] [swscaler @ 0000024acddfed40] Forcing full internal H chroma due to input having non subsampled chroma
[swscaler @ 0000024accd1c500] [swscaler @ 0000024acde24d80] Forcing full internal H chroma due to input having non subsampled chroma
[swscaler @ 0000024accd1c500] [swscaler @ 0000024acde37d80] Forcing full internal H chroma due to input having non subsampled chroma
[swscaler @ 0000024accd1c500] [swscaler @ 0000024acde4ee00] Forcing full internal H chroma due to input having non subsampled chroma
[swscaler @ 0000024accd1c500] [swscaler @ 0000024acde77f80] Forcing full internal H chroma due to input having non subsampled chroma
[swscaler @ 0000024accd1c500] [swscaler @ 0000024acde90fc0] Forcing full internal H chroma due to input having non subsampled chroma
[swscaler @ 0000024accd1c500] [swscaler @ 0000024acdea6000] Forcing full internal H chroma due to input having non subsampled chroma
[Parsed_scale_0 @ 0000024acc82ecc0] w:19 h:37 fmt:rgba sar:11811/11811 -> w:20 h:38 fmt:bgra sar:361/370 flags:0x0
[swscaler @ 0000024acdee2d00] [swscaler @ 0000024ace01ea00] Forcing full internal H chroma due to input having non subsampled chroma
[swscaler @ 0000024acdee2d00] [swscaler @ 0000024acdef3d40] Forcing full internal H chroma due to input having non subsampled chroma
[swscaler @ 0000024acdee2d00] [swscaler @ 0000024acdf06d80] Forcing full internal H chroma due to input having non subsampled chroma
[swscaler @ 0000024acdee2d00] [swscaler @ 0000024acdf1edc0] Forcing full internal H chroma due to input having non subsampled chroma
[swscaler @ 0000024acdee2d00] [swscaler @ 0000024acdf31e00] Forcing full internal H chroma due to input having non subsampled chroma
[swscaler @ 0000024acdee2d00] [swscaler @ 0000024acdf44e40] Forcing full internal H chroma due to input having non subsampled chroma
[swscaler @ 0000024acdee2d00] [swscaler @ 0000024acdf59fc0] Forcing full internal H chroma due to input having non subsampled chroma
[swscaler @ 0000024acdee2d00] [swscaler @ 0000024acdf6cfc0] Forcing full internal H chroma due to input having non subsampled chroma
[swscaler @ 0000024acdee2d00] [swscaler @ 0000024acdf80000] Forcing full internal H chroma due to input having non subsampled chroma
[swscaler @ 0000024acdee2d00] [swscaler @ 0000024acdf93040] Forcing full internal H chroma due to input having non subsampled chroma
[swscaler @ 0000024acdee2d00] [swscaler @ 0000024acdfa82c0] Forcing full internal H chroma due to input having non subsampled chroma
[swscaler @ 0000024acdee2d00] [swscaler @ 0000024acdfbb300] Forcing full internal H chroma due to input having non subsampled chroma
[swscaler @ 0000024acdee2d00] [swscaler @ 0000024acdfce340] Forcing full internal H chroma due to input having non subsampled chroma
[swscaler @ 0000024acdee2d00] [swscaler @ 0000024acdfe1340] Forcing full internal H chroma due to input having non subsampled chroma
[swscaler @ 0000024acdee2d00] [swscaler @ 0000024acdff4380] Forcing full internal H chroma due to input having non subsampled chroma
[swscaler @ 0000024acdee2d00] [swscaler @ 0000024ace0073c0] Forcing full internal H chroma due to input having non subsampled chroma
[auto_scale_0 @ 0000024accd19e40] w:16 h:16 fmt:rgba sar:1/1 -> w:16 h:16 fmt:bgra sar:1/1 flags:0x0
[swscaler @ 0000024acdee2d00] [swscaler @ 0000024ace01ea00] Forcing full internal H chroma due to input having non subsampled chroma
[swscaler @ 0000024acdee2d00] [swscaler @ 0000024acdef3d40] Forcing full internal H chroma due to input having non subsampled chroma
[swscaler @ 0000024acdee2d00] [swscaler @ 0000024acdf06d80] Forcing full internal H chroma due to input having non subsampled chroma
[swscaler @ 0000024acdee2d00] [swscaler @ 0000024acdf1edc0] Forcing full internal H chroma due to input having non subsampled chroma
[swscaler @ 0000024acdee2d00] [swscaler @ 0000024acdf31e00] Forcing full internal H chroma due to input having non subsampled chroma
[swscaler @ 0000024acdee2d00] [swscaler @ 0000024acdf44e40] Forcing full internal H chroma due to input having non subsampled chroma
[swscaler @ 0000024acdee2d00] [swscaler @ 0000024acdf59fc0] Forcing full internal H chroma due to input having non subsampled chroma
[swscaler @ 0000024acdee2d00] [swscaler @ 0000024acdf6cfc0] Forcing full internal H chroma due to input having non subsampled chroma
[swscaler @ 0000024acdee2d00] [swscaler @ 0000024acdf80000] Forcing full internal H chroma due to input having non subsampled chroma
[swscaler @ 0000024acdee2d00] [swscaler @ 0000024acdf93040] Forcing full internal H chroma due to input having non subsampled chroma
[swscaler @ 0000024acdee2d00] [swscaler @ 0000024acdfa82c0] Forcing full internal H chroma due to input having non subsampled chroma
[swscaler @ 0000024acdee2d00] [swscaler @ 0000024acdfbb300] Forcing full internal H chroma due to input having non subsampled chroma
[swscaler @ 0000024acdee2d00] [swscaler @ 0000024acdfce340] Forcing full internal H chroma due to input having non subsampled chroma
[swscaler @ 0000024acdee2d00] [swscaler @ 0000024acdfe1340] Forcing full internal H chroma due to input having non subsampled chroma
[swscaler @ 0000024acdee2d00] [swscaler @ 0000024acdff4380] Forcing full internal H chroma due to input having non subsampled chroma
[swscaler @ 0000024acdee2d00] [swscaler @ 0000024ace0073c0] Forcing full internal H chroma due to input having non subsampled chroma
[auto_scale_0 @ 0000024accd19e40] w:16 h:16 fmt:rgba sar:1/1 -> w:16 h:16 fmt:bgra sar:1/1 flags:0x0
[swscaler @ 0000024acdee2d00] [swscaler @ 0000024ace01ea00] Forcing full internal H chroma due to input having non subsampled chroma
[swscaler @ 0000024acdee2d00] [swscaler @ 0000024acdef3d40] Forcing full internal H chroma due to input having non subsampled chroma
[swscaler @ 0000024acdee2d00] [swscaler @ 0000024acdf06d80] Forcing full internal H chroma due to input having non subsampled chroma
[swscaler @ 0000024acdee2d00] [swscaler @ 0000024acdf1edc0] Forcing full internal H chroma due to input having non subsampled chroma
[swscaler @ 0000024acdee2d00] [swscaler @ 0000024acdf31e00] Forcing full internal H chroma due to input having non subsampled chroma
[swscaler @ 0000024acdee2d00] [swscaler @ 0000024acdf44e40] Forcing full internal H chroma due to input having non subsampled chroma
[swscaler @ 0000024acdee2d00] [swscaler @ 0000024acdf59fc0] Forcing full internal H chroma due to input having non subsampled chroma
[swscaler @ 0000024acdee2d00] [swscaler @ 0000024acdf6cfc0] Forcing full internal H chroma due to input having non subsampled chroma
[swscaler @ 0000024acdee2d00] [swscaler @ 0000024acdf80000] Forcing full internal H chroma due to input having non subsampled chroma
[swscaler @ 0000024acdee2d00] [swscaler @ 0000024acdf93040] Forcing full internal H chroma due to input having non subsampled chroma
[swscaler @ 0000024acdee2d00] [swscaler @ 0000024acdfa82c0] Forcing full internal H chroma due to input having non subsampled chroma
[swscaler @ 0000024acdee2d00] [swscaler @ 0000024acdfbb300] Forcing full internal H chroma due to input having non subsampled chroma
[swscaler @ 0000024acdee2d00] [swscaler @ 0000024acdfce340] Forcing full internal H chroma due to input having non subsampled chroma
[swscaler @ 0000024acdee2d00] [swscaler @ 0000024acdfe1340] Forcing full internal H chroma due to input having non subsampled chroma
[swscaler @ 0000024acdee2d00] [swscaler @ 0000024acdff4380] Forcing full internal H chroma due to input having non subsampled chroma
[swscaler @ 0000024acdee2d00] [swscaler @ 0000024ace0073c0] Forcing full internal H chroma due to input having non subsampled chroma
[auto_scale_0 @ 0000024accd19e40] w:16 h:16 fmt:rgba sar:1/1 -> w:16 h:16 fmt:bgra sar:1/1 flags:0x0
Output #0, gif, to 'J:/Omeir/School/Y12/CompSci/FreeKnight/FreeKnight_v1/Colour1/NoOutline/SeparatePngs/idle/sample.gif':
  Metadata:
    encoder         : Lavf59.34.102
  Stream #0:0, 0, 1/100: Video: gif, 1 reference frame, pal8(pc, gbr/unknown/unknown, progressive), 20x38 (0x0) [SAR 361:370 DAR 19:37], 0/1, q=2-31, 200 kb/s, 24 fps, 100 tbn
    Metadata:
      encoder         : Lavc59.55.103 gif
Clipping frame in rate conversion by 0.000008
frame=    0 fps=0.0 q=-0.0 size=       0kB time=00:00:00.00 bitrate=N/A speed=   0x    [gif @ 0000024acc7b9ec0] 17x34 image at pos (2;3) [area:20x38]
[gif @ 0000024acc7b9ec0] 20x36 image at pos (0;1) [area:20x38]
    Last message repeated 1 times
[gif @ 0000024acc7b9ec0] 14x36 image at pos (4;1) [area:20x38]
[gif @ 0000024acc7b9ec0] 14x30 image at pos (6;1) [area:20x38]
[gif @ 0000024acc7b9ec0] 20x35 image at pos (0;2) [area:20x38]
[gif @ 0000024acc7b9ec0] 20x30 image at pos (0;3) [area:20x38]
[gif @ 0000024acc7b9ec0] 17x12 image at pos (2;12) [area:20x38]
[gif @ 0000024acc7b9ec0] 1x1 image at pos (19;37) [area:20x38]
    Last message repeated 67 times
EOF in input file 0
Terminating demuxer thread 0
[gif @ 0000024acc7b9ec0] 1x1 image at pos (19;37) [area:20x38]
    Last message repeated 23 times
[Parsed_paletteuse_1 @ 0000024accd18380] [framesync @ 0000024accdbe088] Sync level 0
[out_0_0 @ 0000024accd1a440] EOF on sink link out_0_0:default.
No more output streams to write to, finishing.
All streams finished for output file #0
Terminating muxer thread 0
[AVIOContext @ 0000024accbf0100] Statistics: 4716 bytes written, 0 seeks, 1 writeouts
frame=  101 fps=0.0 q=-0.0 Lsize=       5kB time=00:00:04.17 bitrate=   9.0kbits/s speed=79.6x    
[AVIOContext @ 0000024acc75ee40] Statistics: 362 bytes written, 0 seeks, 2 writeouts
video:5kB audio:0kB subtitle:0kB other streams:0kB global headers:0kB muxing overhead: 0.425894%
Input file #0 (J:/Omeir/School/Y12/CompSci/FreeKnight/FreeKnight_v1/Colour1/NoOutline/SeparatePngs/idle/frame%04d.png):
  Input stream #0:0 (video): 101 packets read (118087 bytes); 101 frames decoded; 
  Total: 101 packets (118087 bytes) demuxed
Input file #1 (J:/Omeir/School/Y12/CompSci/FreeKnight/FreeKnight_v1/Colour1/NoOutline/SeparatePngs/idle/palette.png):
  Input stream #1:0 (video): 1 packets read (145 bytes); 1 frames decoded; 
  Total: 1 packets (145 bytes) demuxed
Output file #0 (J:/Omeir/School/Y12/CompSci/FreeKnight/FreeKnight_v1/Colour1/NoOutline/SeparatePngs/idle/sample.gif):
  Output stream #0:0 (video): 101 frames encoded; 101 packets muxed (4696 bytes); 
  Total: 101 packets (4696 bytes) muxed
102 frames successfully decoded, 0 decoding errors
[AVIOContext @ 0000024acc75e940] Statistics: 145 bytes read, 0 seeks
